<!DOCTYPE html>
<html>
<head>
<meta http-equiv="Content-Type" content="text/html; charset=utf-8"/>
<meta http-equiv="x-ua-compatible" content="IE=edge"/>
<title>Test results - Class Sanity limpieza y aprovisionamiento de recursos</title>
<link href="../css/base-style.css" rel="stylesheet" type="text/css"/>
<link href="../css/style.css" rel="stylesheet" type="text/css"/>
<script src="../js/report.js" type="text/javascript"></script>
</head>
<body>
<div id="content">
<h1>Class Sanity limpieza y aprovisionamiento de recursos</h1>
<div class="breadcrumbs">
<a href="../index.html">all</a> &gt; 
<a href="../packages/default-package.html">default-package</a> &gt; Sanity limpieza y aprovisionamiento de recursos</div>
<div id="summary">
<table>
<tr>
<td>
<div class="summaryGroup">
<table>
<tr>
<td>
<div class="infoBox" id="tests">
<div class="counter">4</div>
<p>tests</p>
</div>
</td>
<td>
<div class="infoBox" id="failures">
<div class="counter">1</div>
<p>failures</p>
</div>
</td>
<td>
<div class="infoBox" id="ignored">
<div class="counter">0</div>
<p>ignored</p>
</div>
</td>
<td>
<div class="infoBox" id="duration">
<div class="counter">1m46.42s</div>
<p>duration</p>
</div>
</td>
</tr>
</table>
</div>
</td>
<td>
<div class="infoBox failures" id="successRate">
<div class="percent">75%</div>
<p>successful</p>
</div>
</td>
</tr>
</table>
</div>
<div id="tabs">
<ul class="tabLinks">
<li>
<a href="#tab0">Failed tests</a>
</li>
<li>
<a href="#tab1">Tests</a>
</li>
<li>
<a href="#tab2">Standard output</a>
</li>
<li>
<a href="#tab3">Standard error</a>
</li>
</ul>
<div id="tab0" class="tab">
<h2>Failed tests</h2>
<div class="test">
<a name="se quiere ingresar a la plataforma epos"></a>
<h3 class="failures">se quiere ingresar a la plataforma epos</h3>
<span class="code">
<pre>net.thucydides.core.webdriver.exceptions.ElementShouldBeEnabledException: Expected enabled element was not enabled
	at net.serenitybdd.core.pages.WebElementFacadeImpl.waitUntilEnabled(WebElementFacadeImpl.java:1149)
	at net.serenitybdd.core.pages.WebElementFacadeImpl.waitUntilElementAvailable(WebElementFacadeImpl.java:954)
	at net.serenitybdd.core.pages.WebElementFacadeImpl.click(WebElementFacadeImpl.java:1229)
	at sun.reflect.NativeMethodAccessorImpl.invoke0(Native Method)
	at sun.reflect.NativeMethodAccessorImpl.invoke(NativeMethodAccessorImpl.java:62)
	at sun.reflect.DelegatingMethodAccessorImpl.invoke(DelegatingMethodAccessorImpl.java:43)
	at java.lang.reflect.Method.invoke(Method.java:498)
	at net.thucydides.core.annotations.locators.AbstractSingleItemHandler.invoke(AbstractSingleItemHandler.java:45)
	at com.sun.proxy.$Proxy27.click(Unknown Source)
	at com.indra.actions.MerchandiseEntryAction.merchandiseEntry(MerchandiseEntryAction.java:30)
	at com.indra.steps_definitions.SanitySteps.seCompletaDatosParaCargarMercancia(SanitySteps.java:60)
	at ✽.Se completa datos para cargar mercancia(src/test/resources/features/execute.feature:14)
Caused by: org.openqa.selenium.TimeoutException: Expected condition failed: waiting for MerchandiseEntryPage.storeChannel to be enabled (tried for 6 second(s) with 100 milliseconds interval)
	at org.openqa.selenium.support.ui.FluentWait.timeoutException(FluentWait.java:304)
	at org.openqa.selenium.support.ui.FluentWait.until(FluentWait.java:272)
	at net.serenitybdd.core.pages.WebElementFacadeImpl.waitUntilEnabled(WebElementFacadeImpl.java:1146)
	at net.serenitybdd.core.pages.WebElementFacadeImpl.waitUntilElementAvailable(WebElementFacadeImpl.java:954)
	at net.serenitybdd.core.pages.WebElementFacadeImpl.click(WebElementFacadeImpl.java:1229)
	at sun.reflect.NativeMethodAccessorImpl.invoke0(Native Method)
	at sun.reflect.NativeMethodAccessorImpl.invoke(NativeMethodAccessorImpl.java:62)
	at sun.reflect.DelegatingMethodAccessorImpl.invoke(DelegatingMethodAccessorImpl.java:43)
	at java.lang.reflect.Method.invoke(Method.java:498)
	at net.thucydides.core.annotations.locators.AbstractSingleItemHandler.invoke(AbstractSingleItemHandler.java:45)
	at com.sun.proxy.$Proxy27.click(Unknown Source)
	at com.indra.actions.MerchandiseEntryAction.merchandiseEntry(MerchandiseEntryAction.java:30)
	at com.indra.steps_definitions.SanitySteps.seCompletaDatosParaCargarMercancia(SanitySteps.java:60)
	at sun.reflect.NativeMethodAccessorImpl.invoke0(Native Method)
	at sun.reflect.NativeMethodAccessorImpl.invoke(NativeMethodAccessorImpl.java:62)
	at sun.reflect.DelegatingMethodAccessorImpl.invoke(DelegatingMethodAccessorImpl.java:43)
	at java.lang.reflect.Method.invoke(Method.java:498)
	at cucumber.runtime.Utils$1.call(Utils.java:31)
	at cucumber.runtime.Timeout.timeout(Timeout.java:16)
	at cucumber.runtime.Utils.invoke(Utils.java:25)
	at cucumber.runtime.java.JavaStepDefinition.execute(JavaStepDefinition.java:37)
	at cucumber.runtime.StepDefinitionMatch.runStep(StepDefinitionMatch.java:40)
	at cucumber.api.TestStep.executeStep(TestStep.java:102)
	at cucumber.api.TestStep.run(TestStep.java:83)
	at cucumber.api.TestCase.run(TestCase.java:58)
	at cucumber.runner.Runner.runPickle(Runner.java:80)
	at cucumber.runtime.junit.PickleRunners$NoStepDescriptions.run(PickleRunners.java:140)
	at cucumber.runtime.junit.FeatureRunner.runChild(FeatureRunner.java:68)
	at cucumber.runtime.junit.FeatureRunner.runChild(FeatureRunner.java:23)
	at org.junit.runners.ParentRunner$4.run(ParentRunner.java:331)
	at org.junit.runners.ParentRunner$1.schedule(ParentRunner.java:79)
	at org.junit.runners.ParentRunner.runChildren(ParentRunner.java:329)
	at org.junit.runners.ParentRunner.access$100(ParentRunner.java:66)
	at org.junit.runners.ParentRunner$2.evaluate(ParentRunner.java:293)
	at org.junit.runners.ParentRunner$3.evaluate(ParentRunner.java:306)
	at org.junit.runners.ParentRunner.run(ParentRunner.java:413)
	at cucumber.runtime.junit.FeatureRunner.run(FeatureRunner.java:73)
	at cucumber.api.junit.Cucumber.runChild(Cucumber.java:118)
	at cucumber.api.junit.Cucumber.runChild(Cucumber.java:56)
	at org.junit.runners.ParentRunner$4.run(ParentRunner.java:331)
	at org.junit.runners.ParentRunner$1.schedule(ParentRunner.java:79)
	at org.junit.runners.ParentRunner.runChildren(ParentRunner.java:329)
	at org.junit.runners.ParentRunner.access$100(ParentRunner.java:66)
	at org.junit.runners.ParentRunner$2.evaluate(ParentRunner.java:293)
	at cucumber.api.junit.Cucumber$1.evaluate(Cucumber.java:127)
	at org.junit.runners.ParentRunner$3.evaluate(ParentRunner.java:306)
	at org.junit.runners.ParentRunner.run(ParentRunner.java:413)
	at org.gradle.api.internal.tasks.testing.junit.JUnitTestClassExecutor.runTestClass(JUnitTestClassExecutor.java:110)
	at org.gradle.api.internal.tasks.testing.junit.JUnitTestClassExecutor.execute(JUnitTestClassExecutor.java:58)
	at org.gradle.api.internal.tasks.testing.junit.JUnitTestClassExecutor.execute(JUnitTestClassExecutor.java:38)
	at org.gradle.api.internal.tasks.testing.junit.AbstractJUnitTestClassProcessor.processTestClass(AbstractJUnitTestClassProcessor.java:62)
	at org.gradle.api.internal.tasks.testing.SuiteTestClassProcessor.processTestClass(SuiteTestClassProcessor.java:51)
	at sun.reflect.NativeMethodAccessorImpl.invoke0(Native Method)
	at sun.reflect.NativeMethodAccessorImpl.invoke(NativeMethodAccessorImpl.java:62)
	at sun.reflect.DelegatingMethodAccessorImpl.invoke(DelegatingMethodAccessorImpl.java:43)
	at java.lang.reflect.Method.invoke(Method.java:498)
	at org.gradle.internal.dispatch.ReflectionDispatch.dispatch(ReflectionDispatch.java:36)
	at org.gradle.internal.dispatch.ReflectionDispatch.dispatch(ReflectionDispatch.java:24)
	at org.gradle.internal.dispatch.ContextClassLoaderDispatch.dispatch(ContextClassLoaderDispatch.java:33)
	at org.gradle.internal.dispatch.ProxyDispatchAdapter$DispatchingInvocationHandler.invoke(ProxyDispatchAdapter.java:94)
	at com.sun.proxy.$Proxy2.processTestClass(Unknown Source)
	at org.gradle.api.internal.tasks.testing.worker.TestWorker.processTestClass(TestWorker.java:121)
	at sun.reflect.NativeMethodAccessorImpl.invoke0(Native Method)
	at sun.reflect.NativeMethodAccessorImpl.invoke(NativeMethodAccessorImpl.java:62)
	at sun.reflect.DelegatingMethodAccessorImpl.invoke(DelegatingMethodAccessorImpl.java:43)
	at java.lang.reflect.Method.invoke(Method.java:498)
	at org.gradle.internal.dispatch.ReflectionDispatch.dispatch(ReflectionDispatch.java:36)
	at org.gradle.internal.dispatch.ReflectionDispatch.dispatch(ReflectionDispatch.java:24)
	at org.gradle.internal.remote.internal.hub.MessageHubBackedObjectConnection$DispatchWrapper.dispatch(MessageHubBackedObjectConnection.java:182)
	at org.gradle.internal.remote.internal.hub.MessageHubBackedObjectConnection$DispatchWrapper.dispatch(MessageHubBackedObjectConnection.java:164)
	at org.gradle.internal.remote.internal.hub.MessageHub$Handler.run(MessageHub.java:414)
	at org.gradle.internal.concurrent.ExecutorPolicy$CatchAndRecordFailures.onExecute(ExecutorPolicy.java:64)
	at org.gradle.internal.concurrent.ManagedExecutorImpl$1.run(ManagedExecutorImpl.java:48)
	at java.util.concurrent.ThreadPoolExecutor.runWorker(ThreadPoolExecutor.java:1149)
	at java.util.concurrent.ThreadPoolExecutor$Worker.run(ThreadPoolExecutor.java:624)
	at org.gradle.internal.concurrent.ThreadFactoryImpl$ManagedThreadRunnable.run(ThreadFactoryImpl.java:56)
	at java.lang.Thread.run(Thread.java:748)
Caused by: org.openqa.selenium.NoSuchElementException: Timed out after 20 seconds. Element not found
For documentation on this error, please visit: https://www.seleniumhq.org/exceptions/no_such_element.html
Build info: version: '3.141.59', revision: 'e82be7d358', time: '2018-11-14T08:17:03'
System info: host: '22LAP5CD1195R94', ip: '192.168.0.9', os.name: 'Windows 10', os.arch: 'amd64', os.version: '10.0', java.version: '1.8.0_301'
Driver info: driver.version: unknown
	at net.thucydides.core.annotations.locators.SmartAjaxElementLocator.ajaxFindElement(SmartAjaxElementLocator.java:166)
	at net.thucydides.core.annotations.locators.SmartAjaxElementLocator.findElement(SmartAjaxElementLocator.java:118)
	at net.serenitybdd.core.pages.WebElementResolverByElementLocator.resolveForDriver(WebElementResolverByElementLocator.java:30)
	at net.serenitybdd.core.pages.WebElementFacadeImpl.getElement(WebElementFacadeImpl.java:221)
	at net.serenitybdd.core.pages.WebElementExpectations$3.apply(WebElementExpectations.java:63)
	at net.serenitybdd.core.pages.WebElementExpectations$3.apply(WebElementExpectations.java:55)
	at org.openqa.selenium.support.ui.FluentWait.until(FluentWait.java:249)
	... 75 more
</pre>
</span>
</div>
</div>
<div id="tab1" class="tab">
<h2>Tests</h2>
<table>
<thead>
<tr>
<th>Test</th>
<th>Duration</th>
<th>Result</th>
</tr>
</thead>
<tr>
<td class="success">realizar el cargue de inventario</td>
<td class="success">24.601s</td>
<td class="success">passed</td>
</tr>
<tr>
<td class="success">realizar la confirmacion de inventario</td>
<td class="success">7.211s</td>
<td class="success">passed</td>
</tr>
<tr>
<td class="failures">se quiere ingresar a la plataforma epos</td>
<td class="failures">1m2.70s</td>
<td class="failures">failed</td>
</tr>
<tr>
<td class="success">se requiere realizar una activacion de una linea en prepago</td>
<td class="success">11.911s</td>
<td class="success">passed</td>
</tr>
</table>
</div>
<div id="tab2" class="tab">
<h2>Standard output</h2>
<span class="code">
<pre>09:42:10.524 [Test worker] DEBUG org.apache.http.impl.conn.BasicClientConnectionManager - Get connection for route {}-&gt;http://10.65.45.12:9001
09:42:10.529 [Test worker] DEBUG org.apache.http.impl.conn.DefaultClientConnectionOperator - Connecting to 10.65.45.12:9001
09:42:10.579 [Test worker] DEBUG org.apache.http.client.protocol.RequestAddCookies - CookieSpec selected: ignoreCookies
09:42:10.579 [Test worker] DEBUG org.apache.http.client.protocol.RequestAuthCache - Auth cache not set in the context
09:42:10.580 [Test worker] DEBUG org.apache.http.client.protocol.RequestTargetAuthentication - Target auth state: UNCHALLENGED
09:42:10.580 [Test worker] DEBUG org.apache.http.client.protocol.RequestProxyAuthentication - Proxy auth state: UNCHALLENGED
09:42:10.580 [Test worker] DEBUG org.apache.http.impl.client.DefaultHttpClient - Attempt 1 to execute request
09:42:10.580 [Test worker] DEBUG org.apache.http.impl.conn.DefaultClientConnection - Sending request: POST /gatewaycbs/BcServicesInt HTTP/1.1
09:42:10.580 [Test worker] DEBUG org.apache.http.wire -  &gt;&gt; &quot;POST /gatewaycbs/BcServicesInt HTTP/1.1[\r][\n]&quot;
09:42:10.581 [Test worker] DEBUG org.apache.http.wire -  &gt;&gt; &quot;Accept: */*[\r][\n]&quot;
09:42:10.581 [Test worker] DEBUG org.apache.http.wire -  &gt;&gt; &quot;Content-Type: text/xml;charset=UTF-8[\r][\n]&quot;
09:42:10.581 [Test worker] DEBUG org.apache.http.wire -  &gt;&gt; &quot;Content-Length: 748[\r][\n]&quot;
09:42:10.581 [Test worker] DEBUG org.apache.http.wire -  &gt;&gt; &quot;Host: 10.65.45.12:9001[\r][\n]&quot;
09:42:10.581 [Test worker] DEBUG org.apache.http.wire -  &gt;&gt; &quot;Connection: Keep-Alive[\r][\n]&quot;
09:42:10.581 [Test worker] DEBUG org.apache.http.wire -  &gt;&gt; &quot;User-Agent: Apache-HttpClient/4.5.9 (Java/1.8.0_301)[\r][\n]&quot;
09:42:10.581 [Test worker] DEBUG org.apache.http.wire -  &gt;&gt; &quot;Accept-Encoding: gzip,deflate[\r][\n]&quot;
09:42:10.581 [Test worker] DEBUG org.apache.http.wire -  &gt;&gt; &quot;[\r][\n]&quot;
09:42:10.581 [Test worker] DEBUG org.apache.http.headers - &gt;&gt; POST /gatewaycbs/BcServicesInt HTTP/1.1
09:42:10.581 [Test worker] DEBUG org.apache.http.headers - &gt;&gt; Accept: */*
09:42:10.581 [Test worker] DEBUG org.apache.http.headers - &gt;&gt; Content-Type: text/xml;charset=UTF-8
09:42:10.581 [Test worker] DEBUG org.apache.http.headers - &gt;&gt; Content-Length: 748
09:42:10.581 [Test worker] DEBUG org.apache.http.headers - &gt;&gt; Host: 10.65.45.12:9001
09:42:10.581 [Test worker] DEBUG org.apache.http.headers - &gt;&gt; Connection: Keep-Alive
09:42:10.581 [Test worker] DEBUG org.apache.http.headers - &gt;&gt; User-Agent: Apache-HttpClient/4.5.9 (Java/1.8.0_301)
09:42:10.581 [Test worker] DEBUG org.apache.http.headers - &gt;&gt; Accept-Encoding: gzip,deflate
09:42:10.582 [Test worker] DEBUG org.apache.http.wire -  &gt;&gt; &quot;&lt;soapenv:Envelope xmlns:bcc=&quot;http://www.huawei.com/bme/cbsinterface/bccommon&quot; xmlns:bcs=&quot;http://www.huawei.com/bme/cbsinterface/bcservices&quot; xmlns:ws=&quot;http://ws.web.gatewaycbs.tigo.com.co/&quot; xmlns:soapenv=&quot;http://schemas.xmlsoap.org/soap/envelope/&quot;&gt;[\n]&quot;
09:42:10.582 [Test worker] DEBUG org.apache.http.wire -  &gt;&gt; &quot;   &lt;soapenv:Header/&gt;[\n]&quot;
09:42:10.582 [Test worker] DEBUG org.apache.http.wire -  &gt;&gt; &quot;   &lt;soapenv:Body&gt;[\n]&quot;
09:42:10.582 [Test worker] DEBUG org.apache.http.wire -  &gt;&gt; &quot;      &lt;ws:queryCustomerInfo&gt;[\n]&quot;
09:42:10.582 [Test worker] DEBUG org.apache.http.wire -  &gt;&gt; &quot;         &lt;!--Optional:--&gt;[\n]&quot;
09:42:10.582 [Test worker] DEBUG org.apache.http.wire -  &gt;&gt; &quot;         &lt;QueryCustomerInfoRequest&gt;[\n]&quot;
09:42:10.582 [Test worker] DEBUG org.apache.http.wire -  &gt;&gt; &quot;            &lt;bcs:QueryObj&gt;[\n]&quot;
09:42:10.582 [Test worker] DEBUG org.apache.http.wire -  &gt;&gt; &quot;               &lt;!--Optional:--&gt;[\n]&quot;
09:42:10.582 [Test worker] DEBUG org.apache.http.wire -  &gt;&gt; &quot;               &lt;bcs:SubAccessCode&gt;[\n]&quot;
09:42:10.582 [Test worker] DEBUG org.apache.http.wire -  &gt;&gt; &quot;                  &lt;!--Optional:--&gt;[\n]&quot;
09:42:10.582 [Test worker] DEBUG org.apache.http.wire -  &gt;&gt; &quot;                  &lt;bcc:PrimaryIdentity&gt;3016875982&lt;/bcc:PrimaryIdentity&gt;[\n]&quot;
09:42:10.582 [Test worker] DEBUG org.apache.http.wire -  &gt;&gt; &quot;               &lt;/bcs:SubAccessCode&gt;[\n]&quot;
09:42:10.583 [Test worker] DEBUG org.apache.http.wire -  &gt;&gt; &quot;            &lt;/bcs:QueryObj&gt;[\n]&quot;
09:42:10.583 [Test worker] DEBUG org.apache.http.wire -  &gt;&gt; &quot;         &lt;/QueryCustomerInfoRequest&gt;[\n]&quot;
09:42:10.583 [Test worker] DEBUG org.apache.http.wire -  &gt;&gt; &quot;      &lt;/ws:queryCustomerInfo&gt;[\n]&quot;
09:42:10.583 [Test worker] DEBUG org.apache.http.wire -  &gt;&gt; &quot;   &lt;/soapenv:Body&gt;[\n]&quot;
09:42:10.583 [Test worker] DEBUG org.apache.http.wire -  &gt;&gt; &quot;&lt;/soapenv:Envelope&gt;&quot;
09:42:10.647 [Test worker] DEBUG org.apache.http.wire -  &lt;&lt; &quot;HTTP/1.1 200 OK[\r][\n]&quot;
09:42:10.648 [Test worker] DEBUG org.apache.http.wire -  &lt;&lt; &quot;Date: Thu, 27 Jan 2022 14:42:10 GMT[\r][\n]&quot;
09:42:10.648 [Test worker] DEBUG org.apache.http.wire -  &lt;&lt; &quot;Transfer-Encoding: chunked[\r][\n]&quot;
09:42:10.648 [Test worker] DEBUG org.apache.http.wire -  &lt;&lt; &quot;Content-Type: text/xml; charset=utf-8[\r][\n]&quot;
09:42:10.648 [Test worker] DEBUG org.apache.http.wire -  &lt;&lt; &quot;[\r][\n]&quot;
09:42:10.648 [Test worker] DEBUG org.apache.http.impl.conn.DefaultClientConnection - Receiving response: HTTP/1.1 200 OK
09:42:10.648 [Test worker] DEBUG org.apache.http.headers - &lt;&lt; HTTP/1.1 200 OK
09:42:10.648 [Test worker] DEBUG org.apache.http.headers - &lt;&lt; Date: Thu, 27 Jan 2022 14:42:10 GMT
09:42:10.648 [Test worker] DEBUG org.apache.http.headers - &lt;&lt; Transfer-Encoding: chunked
09:42:10.648 [Test worker] DEBUG org.apache.http.headers - &lt;&lt; Content-Type: text/xml; charset=utf-8
09:42:10.651 [Test worker] DEBUG org.apache.http.impl.client.DefaultHttpClient - Connection can be kept alive indefinitely
09:42:10.662 [Test worker] DEBUG io.restassured.internal.RequestSpecificationImpl$RestAssuredHttpBuilder - Parsing response as: text/xml; charset=utf-8
09:42:10.662 [Test worker] DEBUG io.restassured.internal.RequestSpecificationImpl$RestAssuredHttpBuilder - Parsed data to instance of: class org.apache.http.conn.EofSensorInputStream
09:42:10.697 [Test worker] DEBUG org.apache.http.wire -  &lt;&lt; &quot;006e[\r][\n]&quot;
09:42:10.697 [Test worker] DEBUG org.apache.http.wire -  &lt;&lt; &quot;&lt;?xml version='1.0' encoding='UTF-8'?&gt;&lt;S:Envelope xmlns:S=&quot;http://schemas.xmlsoap.org/soap/envelope/&quot;&gt;&lt;S:Body&gt;&quot;
09:42:10.697 [Test worker] DEBUG org.apache.http.wire -  &lt;&lt; &quot;[\r][\n]&quot;
09:42:10.698 [Test worker] DEBUG org.apache.http.wire -  &lt;&lt; &quot;01f8[\r][\n]&quot;
09:42:10.698 [Test worker] DEBUG org.apache.http.wire -  &lt;&lt; &quot;&lt;ns4:queryCustomerInfoResponse xmlns:ns2=&quot;http://www.huawei.com/bme/cbsinterface/bccommon&quot; xmlns:ns3=&quot;http://www.huawei.com/bme/cbsinterface/bcservices&quot; xmlns:ns4=&quot;http://ws.web.gatewaycbs.tigo.com.co/&quot; xmlns:ns5=&quot;http://www.huawei.com/bme/cbsinterface/cbscommon&quot;&gt;&lt;return&gt;&lt;ResultHeader&gt;&lt;ns5:Version&gt;1&lt;/ns5:Version&gt;&lt;ns5:ResultCode&gt;118030260&lt;/ns5:ResultCode&gt;&lt;ns5:ResultDesc&gt;Subscriber 3016875982 does not exist.&lt;/ns5:ResultDesc&gt;&lt;/ResultHeader&gt;&lt;/return&gt;&lt;/ns4:queryCustomerInfoResponse&gt;&lt;/S:Body&gt;&lt;/S:Envelope&gt;&quot;
09:42:10.698 [Test worker] DEBUG org.apache.http.wire -  &lt;&lt; &quot;[\r][\n]&quot;
09:42:10.698 [Test worker] DEBUG org.apache.http.wire -  &lt;&lt; &quot;0000[\r][\n]&quot;
09:42:10.698 [Test worker] DEBUG org.apache.http.wire -  &lt;&lt; &quot;[\r][\n]&quot;
09:42:10.698 [Test worker] DEBUG org.apache.http.impl.conn.BasicClientConnectionManager - Releasing connection org.apache.http.impl.conn.ManagedClientConnectionImpl@44055f
09:42:10.698 [Test worker] DEBUG org.apache.http.impl.conn.BasicClientConnectionManager - Connection can be kept alive indefinitely
La linea 3016875982 no esta activa
se ejecuta correctamente
se ejecuta correctamente
se ejecuta correctamente
se ejecuta correctamente
09:42:15.817 [Test worker] DEBUG org.apache.http.impl.conn.BasicClientConnectionManager - Get connection for route {}-&gt;http://10.65.45.12:9001
09:42:15.817 [Test worker] DEBUG org.apache.http.impl.conn.DefaultClientConnectionOperator - Connecting to 10.65.45.12:9001
09:42:15.847 [Test worker] DEBUG org.apache.http.client.protocol.RequestAddCookies - CookieSpec selected: ignoreCookies
09:42:15.847 [Test worker] DEBUG org.apache.http.client.protocol.RequestAuthCache - Auth cache not set in the context
09:42:15.847 [Test worker] DEBUG org.apache.http.client.protocol.RequestTargetAuthentication - Target auth state: UNCHALLENGED
09:42:15.847 [Test worker] DEBUG org.apache.http.client.protocol.RequestProxyAuthentication - Proxy auth state: UNCHALLENGED
09:42:15.847 [Test worker] DEBUG org.apache.http.impl.client.DefaultHttpClient - Attempt 1 to execute request
09:42:15.847 [Test worker] DEBUG org.apache.http.impl.conn.DefaultClientConnection - Sending request: POST /gatewaycbs/BcServicesInt HTTP/1.1
09:42:15.847 [Test worker] DEBUG org.apache.http.wire -  &gt;&gt; &quot;POST /gatewaycbs/BcServicesInt HTTP/1.1[\r][\n]&quot;
09:42:15.847 [Test worker] DEBUG org.apache.http.wire -  &gt;&gt; &quot;Accept: */*[\r][\n]&quot;
09:42:15.847 [Test worker] DEBUG org.apache.http.wire -  &gt;&gt; &quot;Content-Type: text/xml;charset=UTF-8[\r][\n]&quot;
09:42:15.847 [Test worker] DEBUG org.apache.http.wire -  &gt;&gt; &quot;Content-Length: 748[\r][\n]&quot;
09:42:15.847 [Test worker] DEBUG org.apache.http.wire -  &gt;&gt; &quot;Host: 10.65.45.12:9001[\r][\n]&quot;
09:42:15.847 [Test worker] DEBUG org.apache.http.wire -  &gt;&gt; &quot;Connection: Keep-Alive[\r][\n]&quot;
09:42:15.847 [Test worker] DEBUG org.apache.http.wire -  &gt;&gt; &quot;User-Agent: Apache-HttpClient/4.5.9 (Java/1.8.0_301)[\r][\n]&quot;
09:42:15.847 [Test worker] DEBUG org.apache.http.wire -  &gt;&gt; &quot;Accept-Encoding: gzip,deflate[\r][\n]&quot;
09:42:15.847 [Test worker] DEBUG org.apache.http.wire -  &gt;&gt; &quot;[\r][\n]&quot;
09:42:15.847 [Test worker] DEBUG org.apache.http.headers - &gt;&gt; POST /gatewaycbs/BcServicesInt HTTP/1.1
09:42:15.847 [Test worker] DEBUG org.apache.http.headers - &gt;&gt; Accept: */*
09:42:15.847 [Test worker] DEBUG org.apache.http.headers - &gt;&gt; Content-Type: text/xml;charset=UTF-8
09:42:15.847 [Test worker] DEBUG org.apache.http.headers - &gt;&gt; Content-Length: 748
09:42:15.847 [Test worker] DEBUG org.apache.http.headers - &gt;&gt; Host: 10.65.45.12:9001
09:42:15.847 [Test worker] DEBUG org.apache.http.headers - &gt;&gt; Connection: Keep-Alive
09:42:15.847 [Test worker] DEBUG org.apache.http.headers - &gt;&gt; User-Agent: Apache-HttpClient/4.5.9 (Java/1.8.0_301)
09:42:15.847 [Test worker] DEBUG org.apache.http.headers - &gt;&gt; Accept-Encoding: gzip,deflate
09:42:15.848 [Test worker] DEBUG org.apache.http.wire -  &gt;&gt; &quot;&lt;soapenv:Envelope xmlns:bcc=&quot;http://www.huawei.com/bme/cbsinterface/bccommon&quot; xmlns:bcs=&quot;http://www.huawei.com/bme/cbsinterface/bcservices&quot; xmlns:ws=&quot;http://ws.web.gatewaycbs.tigo.com.co/&quot; xmlns:soapenv=&quot;http://schemas.xmlsoap.org/soap/envelope/&quot;&gt;[\n]&quot;
09:42:15.848 [Test worker] DEBUG org.apache.http.wire -  &gt;&gt; &quot;   &lt;soapenv:Header/&gt;[\n]&quot;
09:42:15.848 [Test worker] DEBUG org.apache.http.wire -  &gt;&gt; &quot;   &lt;soapenv:Body&gt;[\n]&quot;
09:42:15.848 [Test worker] DEBUG org.apache.http.wire -  &gt;&gt; &quot;      &lt;ws:queryCustomerInfo&gt;[\n]&quot;
09:42:15.848 [Test worker] DEBUG org.apache.http.wire -  &gt;&gt; &quot;         &lt;!--Optional:--&gt;[\n]&quot;
09:42:15.848 [Test worker] DEBUG org.apache.http.wire -  &gt;&gt; &quot;         &lt;QueryCustomerInfoRequest&gt;[\n]&quot;
09:42:15.848 [Test worker] DEBUG org.apache.http.wire -  &gt;&gt; &quot;            &lt;bcs:QueryObj&gt;[\n]&quot;
09:42:15.848 [Test worker] DEBUG org.apache.http.wire -  &gt;&gt; &quot;               &lt;!--Optional:--&gt;[\n]&quot;
09:42:15.848 [Test worker] DEBUG org.apache.http.wire -  &gt;&gt; &quot;               &lt;bcs:SubAccessCode&gt;[\n]&quot;
09:42:15.848 [Test worker] DEBUG org.apache.http.wire -  &gt;&gt; &quot;                  &lt;!--Optional:--&gt;[\n]&quot;
09:42:15.848 [Test worker] DEBUG org.apache.http.wire -  &gt;&gt; &quot;                  &lt;bcc:PrimaryIdentity&gt;3016875893&lt;/bcc:PrimaryIdentity&gt;[\n]&quot;
09:42:15.849 [Test worker] DEBUG org.apache.http.wire -  &gt;&gt; &quot;               &lt;/bcs:SubAccessCode&gt;[\n]&quot;
09:42:15.849 [Test worker] DEBUG org.apache.http.wire -  &gt;&gt; &quot;            &lt;/bcs:QueryObj&gt;[\n]&quot;
09:42:15.849 [Test worker] DEBUG org.apache.http.wire -  &gt;&gt; &quot;         &lt;/QueryCustomerInfoRequest&gt;[\n]&quot;
09:42:15.849 [Test worker] DEBUG org.apache.http.wire -  &gt;&gt; &quot;      &lt;/ws:queryCustomerInfo&gt;[\n]&quot;
09:42:15.849 [Test worker] DEBUG org.apache.http.wire -  &gt;&gt; &quot;   &lt;/soapenv:Body&gt;[\n]&quot;
09:42:15.849 [Test worker] DEBUG org.apache.http.wire -  &gt;&gt; &quot;&lt;/soapenv:Envelope&gt;&quot;
09:42:15.915 [Test worker] DEBUG org.apache.http.wire -  &lt;&lt; &quot;HTTP/1.1 200 OK[\r][\n]&quot;
09:42:15.915 [Test worker] DEBUG org.apache.http.wire -  &lt;&lt; &quot;Date: Thu, 27 Jan 2022 14:42:15 GMT[\r][\n]&quot;
09:42:15.915 [Test worker] DEBUG org.apache.http.wire -  &lt;&lt; &quot;Transfer-Encoding: chunked[\r][\n]&quot;
09:42:15.915 [Test worker] DEBUG org.apache.http.wire -  &lt;&lt; &quot;Content-Type: text/xml; charset=utf-8[\r][\n]&quot;
09:42:15.915 [Test worker] DEBUG org.apache.http.wire -  &lt;&lt; &quot;[\r][\n]&quot;
09:42:15.915 [Test worker] DEBUG org.apache.http.impl.conn.DefaultClientConnection - Receiving response: HTTP/1.1 200 OK
09:42:15.915 [Test worker] DEBUG org.apache.http.headers - &lt;&lt; HTTP/1.1 200 OK
09:42:15.915 [Test worker] DEBUG org.apache.http.headers - &lt;&lt; Date: Thu, 27 Jan 2022 14:42:15 GMT
09:42:15.915 [Test worker] DEBUG org.apache.http.headers - &lt;&lt; Transfer-Encoding: chunked
09:42:15.915 [Test worker] DEBUG org.apache.http.headers - &lt;&lt; Content-Type: text/xml; charset=utf-8
09:42:15.916 [Test worker] DEBUG org.apache.http.impl.client.DefaultHttpClient - Connection can be kept alive indefinitely
09:42:15.916 [Test worker] DEBUG io.restassured.internal.RequestSpecificationImpl$RestAssuredHttpBuilder - Parsing response as: text/xml; charset=utf-8
09:42:15.916 [Test worker] DEBUG io.restassured.internal.RequestSpecificationImpl$RestAssuredHttpBuilder - Parsed data to instance of: class org.apache.http.conn.EofSensorInputStream
09:42:15.918 [Test worker] DEBUG org.apache.http.wire -  &lt;&lt; &quot;006e[\r][\n]&quot;
09:42:15.919 [Test worker] DEBUG org.apache.http.wire -  &lt;&lt; &quot;&lt;?xml version='1.0' encoding='UTF-8'?&gt;&lt;S:Envelope xmlns:S=&quot;http://schemas.xmlsoap.org/soap/envelope/&quot;&gt;&lt;S:Body&gt;&quot;
09:42:15.919 [Test worker] DEBUG org.apache.http.wire -  &lt;&lt; &quot;[\r][\n]&quot;
09:42:15.919 [Test worker] DEBUG org.apache.http.wire -  &lt;&lt; &quot;01f8[\r][\n]&quot;
09:42:15.919 [Test worker] DEBUG org.apache.http.wire -  &lt;&lt; &quot;&lt;ns4:queryCustomerInfoResponse xmlns:ns2=&quot;http://www.huawei.com/bme/cbsinterface/bccommon&quot; xmlns:ns3=&quot;http://www.huawei.com/bme/cbsinterface/bcservices&quot; xmlns:ns4=&quot;http://ws.web.gatewaycbs.tigo.com.co/&quot; xmlns:ns5=&quot;http://www.huawei.com/bme/cbsinterface/cbscommon&quot;&gt;&lt;return&gt;&lt;ResultHeader&gt;&lt;ns5:Version&gt;1&lt;/ns5:Version&gt;&lt;ns5:ResultCode&gt;118030260&lt;/ns5:ResultCode&gt;&lt;ns5:ResultDesc&gt;Subscriber 3016875893 does not exist.&lt;/ns5:ResultDesc&gt;&lt;/ResultHeader&gt;&lt;/return&gt;&lt;/ns4:queryCustomerInfoResponse&gt;&lt;/S:Body&gt;&lt;/S:Envelope&gt;&quot;
09:42:15.919 [Test worker] DEBUG org.apache.http.wire -  &lt;&lt; &quot;[\r][\n]&quot;
09:42:15.919 [Test worker] DEBUG org.apache.http.wire -  &lt;&lt; &quot;0000[\r][\n]&quot;
09:42:15.919 [Test worker] DEBUG org.apache.http.wire -  &lt;&lt; &quot;[\r][\n]&quot;
09:42:15.919 [Test worker] DEBUG org.apache.http.impl.conn.BasicClientConnectionManager - Releasing connection org.apache.http.impl.conn.ManagedClientConnectionImpl@79573d9a
09:42:15.919 [Test worker] DEBUG org.apache.http.impl.conn.BasicClientConnectionManager - Connection can be kept alive indefinitely
La linea 3016875893 no esta activa
se ejecuta correctamente
se ejecuta correctamente
se ejecuta correctamente
se ejecuta correctamente
09:42:20.798 [Finalizer] DEBUG org.apache.http.impl.conn.DefaultClientConnection - Connection 0.0.0.0:58152&lt;-&gt;10.65.45.12:9001 closed
09:42:21.088 [Test worker] INFO net.serenitybdd.core.webdriver.driverproviders.ProvideNewDriver - Instantiating driver
09:42:21.088 [Test worker] INFO net.serenitybdd.core.webdriver.driverproviders.ProvideNewDriver - Driver capabilities: Capabilities {acceptInsecureCerts: true, browserName: firefox, firefox_profile: org.openqa.selenium.firefox..., headless: false, loggingPrefs: org.openqa.selenium.logging..., marionette: true, moz:firefoxOptions: {}, platform: ANY, version: }
09:42:24.225 [Finalizer] DEBUG org.apache.http.impl.conn.DefaultClientConnection - Connection 0.0.0.0:58145&lt;-&gt;10.65.45.12:9001 closed
09:42:27.080 [Test worker] DEBUG net.serenitybdd.core.photography.Darkroom - Opening darkroom
09:42:27.082 [Darkroom Processing Line] DEBUG net.serenitybdd.core.photography.DarkroomProcessingLine - Darkroom processing line starting up
09:42:27.224 [Test worker] DEBUG net.serenitybdd.core.photography.Darkroom - Send negative for processing for C:\Sanity Ambientes\PrepaidAutomation\target\site\serenity\090a5e64dfd76be7722bfb1ed8c6dfd7f459607e141c32fcd07b6383a5f2a721.png
09:42:27.225 [Darkroom Processing Line] DEBUG net.serenitybdd.core.photography.DarkroomProcessingLine - Processing screenshot image in /var/screenshots/screenshot-4793280250879312085
09:42:27.225 [Darkroom Processing Line] DEBUG net.serenitybdd.core.photography.DarkroomProcessingLine - Saving screenshot to C:\Sanity Ambientes\PrepaidAutomation\target\site\serenity\090a5e64dfd76be7722bfb1ed8c6dfd7f459607e141c32fcd07b6383a5f2a721.png
09:42:28.630 [Test worker] DEBUG net.serenitybdd.core.photography.Darkroom - Send negative for processing for C:\Sanity Ambientes\PrepaidAutomation\target\site\serenity\f5157752eb3f39c177be6cb08cb7dbfe1ab904c69ff2e305f5d5865c3c1f9bcc.png
09:42:28.632 [Darkroom Processing Line] DEBUG net.serenitybdd.core.photography.DarkroomProcessingLine - Processing screenshot image in /var/screenshots/screenshot-7268617669154629095
09:42:28.632 [Darkroom Processing Line] DEBUG net.serenitybdd.core.photography.DarkroomProcessingLine - Saving screenshot to C:\Sanity Ambientes\PrepaidAutomation\target\site\serenity\f5157752eb3f39c177be6cb08cb7dbfe1ab904c69ff2e305f5d5865c3c1f9bcc.png
09:43:09.376 [Test worker] DEBUG net.serenitybdd.core.photography.Darkroom - Send negative for processing for C:\Sanity Ambientes\PrepaidAutomation\target\site\serenity\f5157752eb3f39c177be6cb08cb7dbfe1ab904c69ff2e305f5d5865c3c1f9bcc.png
09:43:11.477 [Test worker] ERROR net.thucydides.core.steps.ConsoleLoggingListener - ?[91m
           __  _____ _____ ____ _____   _____ _    ___ _     _____ ____  
  _       / / |_   _| ____/ ___|_   _| |  ___/ \  |_ _| |   | ____|  _ \ 
 (_)_____| |    | | |  _| \___ \ | |   | |_ / _ \  | || |   |  _| | | | |
  _|_____| |    | | | |___ ___) || |   |  _/ ___ \ | || |___| |___| |_| |
 (_)     | |    |_| |_____|____/ |_|   |_|/_/   \_\___|_____|_____|____/ 
          \_\                                                            

TEST FAILED: se quiere ingresar a la plataforma epos
--------------------------------------------------------------------------?[0m
09:43:11.482 [Test worker] DEBUG net.thucydides.core.steps.ConsoleLoggingListener - RELATED ISSUES: 
09:43:11.532 [Test worker] ERROR net.thucydides.core.steps.ConsoleLoggingListener - ?[91mTEST FAILED AT STEP Then Se completa datos para cargar mercancia?[0m
09:43:11.533 [Test worker] ERROR net.thucydides.core.steps.ConsoleLoggingListener - Expected enabled element was not enabledBuild info: version: '3.141.59', revision: 'e82be7d358', time: '2018-11-14T08:17:03'System info: host: '22LAP5CD1195R94', ip: '192.168.0.9', os.name: 'Windows 10', os.arch: 'amd64', os.version: '10.0', java.version: '1.8.0_301'Driver info: driver.version: unknown
09:43:11.710 [Test worker] INFO net.serenitybdd.core.webdriver.driverproviders.ProvideNewDriver - Instantiating driver
09:43:11.710 [Test worker] INFO net.serenitybdd.core.webdriver.driverproviders.ProvideNewDriver - Driver capabilities: Capabilities {acceptInsecureCerts: true, browserName: firefox, firefox_profile: org.openqa.selenium.firefox..., headless: false, loggingPrefs: org.openqa.selenium.logging..., marionette: true, moz:firefoxOptions: {}, platform: ANY, version: }
09:43:17.474 [Test worker] DEBUG net.serenitybdd.core.photography.Darkroom - Send negative for processing for C:\Sanity Ambientes\PrepaidAutomation\target\site\serenity\8d0f6a683159f71359f4003b2b68d68f6271256f600d3977934f8efd664c0bac.png
09:43:17.475 [Darkroom Processing Line] DEBUG net.serenitybdd.core.photography.DarkroomProcessingLine - Processing screenshot image in /var/screenshots/screenshot-7997855491152961806
09:43:17.475 [Darkroom Processing Line] DEBUG net.serenitybdd.core.photography.DarkroomProcessingLine - Saving screenshot to C:\Sanity Ambientes\PrepaidAutomation\target\site\serenity\8d0f6a683159f71359f4003b2b68d68f6271256f600d3977934f8efd664c0bac.png
09:43:33.169 [Test worker] DEBUG net.serenitybdd.core.photography.Darkroom - Send negative for processing for C:\Sanity Ambientes\PrepaidAutomation\target\site\serenity\ec763b7c3915e691aa75707b36e940d02cd983744f71383dc8c6e162758fa195.png
09:43:36.140 [Test worker] INFO net.thucydides.core.steps.ConsoleLoggingListener - ?[92m
        __    _____ _____ ____ _____   ____   _    ____  ____  _____ ____  
  _     \ \  |_   _| ____/ ___|_   _| |  _ \ / \  / ___|/ ___|| ____|  _ \ 
 (_)_____| |   | | |  _| \___ \ | |   | |_) / _ \ \___ \\___ \|  _| | | | |
  _|_____| |   | | | |___ ___) || |   |  __/ ___ \ ___) |___) | |___| |_| |
 (_)     | |   |_| |_____|____/ |_|   |_| /_/   \_\____/|____/|_____|____/ 
        /_/                                                                

TEST PASSED: realizar el cargue de inventario
----------------------------------------------------------------------------?[0m
09:43:43.360 [Test worker] INFO net.thucydides.core.steps.ConsoleLoggingListener - ?[92m
        __    _____ _____ ____ _____   ____   _    ____  ____  _____ ____  
  _     \ \  |_   _| ____/ ___|_   _| |  _ \ / \  / ___|/ ___|| ____|  _ \ 
 (_)_____| |   | | |  _| \___ \ | |   | |_) / _ \ \___ \\___ \|  _| | | | |
  _|_____| |   | | | |___ ___) || |   |  __/ ___ \ ___) |___) | |___| |_| |
 (_)     | |   |_| |_____|____/ |_|   |_| /_/   \_\____/|____/|_____|____/ 
        /_/                                                                

TEST PASSED: realizar la confirmacion de inventario
----------------------------------------------------------------------------?[0m
09:43:43.559 [Test worker] INFO net.serenitybdd.core.webdriver.driverproviders.ProvideNewDriver - Instantiating driver
09:43:43.559 [Test worker] INFO net.serenitybdd.core.webdriver.driverproviders.ProvideNewDriver - Driver capabilities: Capabilities {acceptInsecureCerts: true, browserName: firefox, firefox_profile: org.openqa.selenium.firefox..., headless: false, loggingPrefs: org.openqa.selenium.logging..., marionette: true, moz:firefoxOptions: {}, platform: ANY, version: }
09:43:52.662 [Test worker] DEBUG net.serenitybdd.core.photography.Darkroom - Send negative for processing for C:\Sanity Ambientes\PrepaidAutomation\target\site\serenity\eb5662727f933fd0a4acd45e9af08ec62cba17041b7b3bf67bbf1c84f5d1374f.png
09:43:52.664 [Darkroom Processing Line] DEBUG net.serenitybdd.core.photography.DarkroomProcessingLine - Processing screenshot image in /var/screenshots/screenshot-4014038281013703822
09:43:52.664 [Darkroom Processing Line] DEBUG net.serenitybdd.core.photography.DarkroomProcessingLine - Saving screenshot to C:\Sanity Ambientes\PrepaidAutomation\target\site\serenity\eb5662727f933fd0a4acd45e9af08ec62cba17041b7b3bf67bbf1c84f5d1374f.png
09:43:55.273 [Test worker] INFO net.thucydides.core.steps.ConsoleLoggingListener - ?[92m
        __    _____ _____ ____ _____   ____   _    ____  ____  _____ ____  
  _     \ \  |_   _| ____/ ___|_   _| |  _ \ / \  / ___|/ ___|| ____|  _ \ 
 (_)_____| |   | | |  _| \___ \ | |   | |_) / _ \ \___ \\___ \|  _| | | | |
  _|_____| |   | | | |___ ___) || |   |  __/ ___ \ ___) |___) | |___| |_| |
 (_)     | |   |_| |_____|____/ |_|   |_| /_/   \_\____/|____/|_____|____/ 
        /_/                                                                

TEST PASSED: se requiere realizar una activacion de una linea en prepago
----------------------------------------------------------------------------?[0m
</pre>
</span>
</div>
<div id="tab3" class="tab">
<h2>Standard error</h2>
<span class="code">
<pre>ene 27, 2022 9:42:20 AM org.openqa.selenium.remote.DesiredCapabilities firefox
INFORMACIÓN: Using `new FirefoxOptions()` is preferred to `DesiredCapabilities.firefox()`
ene 27, 2022 9:42:20 AM org.openqa.selenium.remote.DesiredCapabilities firefox
INFORMACIÓN: Using `new FirefoxOptions()` is preferred to `DesiredCapabilities.firefox()`
1643294541322	geckodriver	INFO	Listening on 127.0.0.1:30241
1643294541851	mozrunner::runner	INFO	Running command: &quot;C:\\Program Files\\Mozilla Firefox\\firefox.exe&quot; &quot;--marionette&quot; &quot;-foreground&quot; &quot;-no-remote&quot; &quot;-profile&quot; &quot;C:\\Users\\PROJEC~1\\AppData\\Local\\Temp\\rust_mozprofileBTvSWH&quot;
1643294542374	addons.webextension.doh-rollout@mozilla.org	WARN	Loading extension 'doh-rollout@mozilla.org': Reading manifest: Invalid extension permission: networkStatus
1643294542396	addons.webextension.screenshots@mozilla.org	WARN	Loading extension 'screenshots@mozilla.org': Reading manifest: Invalid extension permission: mozillaAddons
1643294542396	addons.webextension.screenshots@mozilla.org	WARN	Loading extension 'screenshots@mozilla.org': Reading manifest: Invalid extension permission: telemetry
1643294542396	addons.webextension.screenshots@mozilla.org	WARN	Loading extension 'screenshots@mozilla.org': Reading manifest: Invalid extension permission: resource://pdf.js/
1643294542396	addons.webextension.screenshots@mozilla.org	WARN	Loading extension 'screenshots@mozilla.org': Reading manifest: Invalid extension permission: about:reader*
JavaScript error: resource://gre/modules/XULStore.jsm, line 66: Error: Can't find profile directory.
1643294543734	Marionette	INFO	Listening on port 58159
1643294544009	Marionette	WARN	TLS certificate errors will be ignored for this session
ene 27, 2022 9:42:24 AM org.openqa.selenium.remote.ProtocolHandshake createSession
INFORMACIÓN: Detected dialect: W3C
1643294545350	addons.xpi	WARN	failed to set lastModifiedTime on C:\Users\ProjectSupport\AppData\Local\Temp\rust_mozprofileBTvSWH\extensions\firefoxhpsureclicksecurebrowsing@bromium.com.xpi: [Exception... &quot;Component returned failure code: 0x8052000e (NS_ERROR_FILE_IS_LOCKED) [nsIFile.lastModifiedTime]&quot;  nsresult: &quot;0x8052000e (NS_ERROR_FILE_IS_LOCKED)&quot;  location: &quot;JS frame :: resource://gre/modules/addons/XPIInstall.jsm :: installAddon :: line 3239&quot;  data: no] Stack trace: installAddon()@resource://gre/modules/addons/XPIInstall.jsm:3239
install()@resource://gre/modules/addons/XPIInstall.jsm:1767
startInstall/this._startupPromise&lt;()@resource://gre/modules/addons/XPIInstall.jsm:1833
startInstall()@resource://gre/modules/addons/XPIInstall.jsm:1839
1643294589533	Marionette	INFO	Stopped listening on port 58159
Extension error: [Exception... &quot;Component not initialized&quot;  nsresult: &quot;0xc1f30001 (NS_ERROR_NOT_INITIALIZED)&quot;  location: &quot;JS frame :: moz-extension://a593b3ba-5f10-4317-b134-e3e8a57b817e/main.js :: connect :: line 12066&quot;  data: no] undefined 12066
[[Exception stack
connect@moz-extension://a593b3ba-5f10-4317-b134-e3e8a57b817e/main.js:12066:23
onPortDisconnected@moz-extension://a593b3ba-5f10-4317-b134-e3e8a57b817e/main.js:20316:30
makeConnection/channel&lt;@moz-extension://a593b3ba-5f10-4317-b134-e3e8a57b817e/main.js:20289:136
handleDisconnect@moz-extension://a593b3ba-5f10-4317-b134-e3e8a57b817e/main.js:12172:14
connect/&lt;/&lt;@moz-extension://a593b3ba-5f10-4317-b134-e3e8a57b817e/main.js:12052:63
Current stack
applySafeWithoutClone@resource://gre/modules/ExtensionCommon.jsm:606:13
addListener/asyncWithoutClone/&lt;@resource://gre/modules/ExtensionCommon.jsm:2443:39
]]

###!!! [Child][RunMessage] Error: Channel closing: too late to send/recv, messages will be lost

ene 27, 2022 9:43:11 AM org.openqa.selenium.remote.DesiredCapabilities firefox
INFORMACIÓN: Using `new FirefoxOptions()` is preferred to `DesiredCapabilities.firefox()`
ene 27, 2022 9:43:11 AM org.openqa.selenium.remote.DesiredCapabilities firefox
INFORMACIÓN: Using `new FirefoxOptions()` is preferred to `DesiredCapabilities.firefox()`
1643294591882	geckodriver	INFO	Listening on 127.0.0.1:31853
1643294592329	mozrunner::runner	INFO	Running command: &quot;C:\\Program Files\\Mozilla Firefox\\firefox.exe&quot; &quot;--marionette&quot; &quot;-foreground&quot; &quot;-no-remote&quot; &quot;-profile&quot; &quot;C:\\Users\\PROJEC~1\\AppData\\Local\\Temp\\rust_mozprofilegyHNsf&quot;
1643294592823	addons.webextension.doh-rollout@mozilla.org	WARN	Loading extension 'doh-rollout@mozilla.org': Reading manifest: Invalid extension permission: networkStatus
1643294592845	addons.webextension.screenshots@mozilla.org	WARN	Loading extension 'screenshots@mozilla.org': Reading manifest: Invalid extension permission: mozillaAddons
1643294592845	addons.webextension.screenshots@mozilla.org	WARN	Loading extension 'screenshots@mozilla.org': Reading manifest: Invalid extension permission: telemetry
1643294592845	addons.webextension.screenshots@mozilla.org	WARN	Loading extension 'screenshots@mozilla.org': Reading manifest: Invalid extension permission: resource://pdf.js/
1643294592845	addons.webextension.screenshots@mozilla.org	WARN	Loading extension 'screenshots@mozilla.org': Reading manifest: Invalid extension permission: about:reader*
JavaScript error: resource://gre/modules/XULStore.jsm, line 66: Error: Can't find profile directory.
1643294594233	Marionette	INFO	Listening on port 58197
1643294594586	Marionette	WARN	TLS certificate errors will be ignored for this session
ene 27, 2022 9:43:14 AM org.openqa.selenium.remote.ProtocolHandshake createSession
INFORMACIÓN: Detected dialect: W3C
1643294595564	addons.xpi	WARN	failed to set lastModifiedTime on C:\Users\ProjectSupport\AppData\Local\Temp\rust_mozprofilegyHNsf\extensions\firefoxhpsureclicksecurebrowsing@bromium.com.xpi: [Exception... &quot;Component returned failure code: 0x8052000e (NS_ERROR_FILE_IS_LOCKED) [nsIFile.lastModifiedTime]&quot;  nsresult: &quot;0x8052000e (NS_ERROR_FILE_IS_LOCKED)&quot;  location: &quot;JS frame :: resource://gre/modules/addons/XPIInstall.jsm :: installAddon :: line 3239&quot;  data: no] Stack trace: installAddon()@resource://gre/modules/addons/XPIInstall.jsm:3239
install()@resource://gre/modules/addons/XPIInstall.jsm:1767
startInstall/this._startupPromise&lt;()@resource://gre/modules/addons/XPIInstall.jsm:1833
startInstall()@resource://gre/modules/addons/XPIInstall.jsm:1839
JavaScript error: http://10.69.60.77:8180/tigo-pos-web-ii/a4j_3_2_0.SR1-SNAPSHOTorg/ajax4jsf/javascript/scripts/form.js.jsf, line 11: TypeError: element is null
JavaScript error: http://10.69.60.77:8180/tigo-pos-web-ii/a4j_3_2_0.SR1-SNAPSHOTorg/ajax4jsf/javascript/scripts/form.js.jsf, line 11: TypeError: element is null
1643294613377	Marionette	INFO	Stopped listening on port 58197
Extension error: [Exception... &quot;Component not initialized&quot;  nsresult: &quot;0xc1f30001 (NS_ERROR_NOT_INITIALIZED)&quot;  location: &quot;JS frame :: moz-extension://40886580-aa8c-4800-bcc6-d00e70109e22/main.js :: connect :: line 12066&quot;  data: no] undefined 12066
[[Exception stack
connect@moz-extension://40886580-aa8c-4800-bcc6-d00e70109e22/main.js:12066:23
onPortDisconnected@moz-extension://40886580-aa8c-4800-bcc6-d00e70109e22/main.js:20316:30
makeConnection/channel&lt;@moz-extension://40886580-aa8c-4800-bcc6-d00e70109e22/main.js:20289:136
handleDisconnect@moz-extension://40886580-aa8c-4800-bcc6-d00e70109e22/main.js:12172:14
connect/&lt;/&lt;@moz-extension://40886580-aa8c-4800-bcc6-d00e70109e22/main.js:12052:63
Current stack
applySafeWithoutClone@resource://gre/modules/ExtensionCommon.jsm:606:13
addListener/asyncWithoutClone/&lt;@resource://gre/modules/ExtensionCommon.jsm:2443:39
]]

###!!! [Child][MessageChannel] Error: (msgtype=0x370128,name=PContent::Msg_AsyncMessage) Channel closing: too late to send/recv, messages will be lost


###!!! [Child][RunMessage] Error: Channel closing: too late to send/recv, messages will be lost


###!!! [Child][MessageChannel::SendAndWait] Error: Channel error: cannot send/recv

ene 27, 2022 9:43:43 AM org.openqa.selenium.remote.DesiredCapabilities firefox
INFORMACIÓN: Using `new FirefoxOptions()` is preferred to `DesiredCapabilities.firefox()`
ene 27, 2022 9:43:43 AM org.openqa.selenium.remote.DesiredCapabilities firefox
INFORMACIÓN: Using `new FirefoxOptions()` is preferred to `DesiredCapabilities.firefox()`
1643294623727	geckodriver	INFO	Listening on 127.0.0.1:32152
1643294624182	mozrunner::runner	INFO	Running command: &quot;C:\\Program Files\\Mozilla Firefox\\firefox.exe&quot; &quot;--marionette&quot; &quot;-foreground&quot; &quot;-no-remote&quot; &quot;-profile&quot; &quot;C:\\Users\\PROJEC~1\\AppData\\Local\\Temp\\rust_mozprofilevIaiKD&quot;
1643294624705	addons.webextension.doh-rollout@mozilla.org	WARN	Loading extension 'doh-rollout@mozilla.org': Reading manifest: Invalid extension permission: networkStatus
1643294624727	addons.webextension.screenshots@mozilla.org	WARN	Loading extension 'screenshots@mozilla.org': Reading manifest: Invalid extension permission: mozillaAddons
1643294624727	addons.webextension.screenshots@mozilla.org	WARN	Loading extension 'screenshots@mozilla.org': Reading manifest: Invalid extension permission: telemetry
1643294624727	addons.webextension.screenshots@mozilla.org	WARN	Loading extension 'screenshots@mozilla.org': Reading manifest: Invalid extension permission: resource://pdf.js/
1643294624727	addons.webextension.screenshots@mozilla.org	WARN	Loading extension 'screenshots@mozilla.org': Reading manifest: Invalid extension permission: about:reader*
JavaScript error: resource://gre/modules/XULStore.jsm, line 66: Error: Can't find profile directory.
1643294626102	Marionette	INFO	Listening on port 58242
1643294626665	Marionette	WARN	TLS certificate errors will be ignored for this session
ene 27, 2022 9:43:46 AM org.openqa.selenium.remote.ProtocolHandshake createSession
INFORMACIÓN: Detected dialect: W3C
JavaScript warning: http://10.69.60.85:8280/portal/CRMPortal/Consultas?portal:windowState=normal&amp;portal:componentId=gtnc323725e-6efe-4037-9f93-1bc06edfa941&amp;portal:resourceID=/org.rf.res/org/richfaces/ui.pack.js&amp;portal:cacheLevel=PAGE&amp;portal:type=resource&amp;portal:portletMode=view, line 10431: unreachable code after return statement
JavaScript warning: http://10.69.60.85:8280/portal/CRMPortal/Consultas?portal:windowState=normal&amp;portal:componentId=gtnc323725e-6efe-4037-9f93-1bc06edfa941&amp;portal:resourceID=/org.rf.res/org/richfaces/ui.pack.js&amp;portal:cacheLevel=PAGE&amp;portal:type=resource&amp;portal:portletMode=view, line 10431: unreachable code after return statement
JavaScript error: http://10.69.60.85:8280/portal/CRMPortal/Consultas, line 1: ReferenceError: setIframeListeners is not defined
1643294632811	Marionette	INFO	Stopped listening on port 58242
Extension error: [Exception... &quot;Component not initialized&quot;  nsresult: &quot;0xc1f30001 (NS_ERROR_NOT_INITIALIZED)&quot;  location: &quot;JS frame :: moz-extension://9066f66e-a4be-43db-bf02-45e93769b437/main.js :: connect :: line 12066&quot;  data: no] undefined 12066
[[Exception stack
connect@moz-extension://9066f66e-a4be-43db-bf02-45e93769b437/main.js:12066:23
onPortDisconnected@moz-extension://9066f66e-a4be-43db-bf02-45e93769b437/main.js:20316:30
makeConnection/channel&lt;@moz-extension://9066f66e-a4be-43db-bf02-45e93769b437/main.js:20289:136
handleDisconnect@moz-extension://9066f66e-a4be-43db-bf02-45e93769b437/main.js:12172:14
connect/&lt;/&lt;@moz-extension://9066f66e-a4be-43db-bf02-45e93769b437/main.js:12052:63
Current stack
applySafeWithoutClone@resource://gre/modules/ExtensionCommon.jsm:606:13
addListener/asyncWithoutClone/&lt;@resource://gre/modules/ExtensionCommon.jsm:2443:39
]]

###!!! [Child][RunMessage] Error: Channel closing: too late to send/recv, messages will be lost


###!!! [Child][MessageChannel::SendAndWait] Error: Channel error: cannot send/recv

</pre>
</span>
</div>
</div>
<div id="footer">
<p>
<div>
<label class="hidden" id="label-for-line-wrapping-toggle" for="line-wrapping-toggle">Wrap lines
<input id="line-wrapping-toggle" type="checkbox" autocomplete="off"/>
</label>
</div>Generated by 
<a href="http://www.gradle.org">Gradle 7.1</a> at 27/01/2022 09:43:56 AM</p>
</div>
</div>
</body>
</html>
